<?xml version="1.0" encoding="UTF-8"?>
<!-- Generated by org.testng.reporters.JUnitXMLReporter -->
<testsuite ignored="0" hostname="DESKTOP-A1OLLL7" failures="0" tests="4" name="Test" time="96.06" errors="0" timestamp="2022-08-31T01:21:04 IST">
  <testcase classname="appiumnewtest.MonefyTest" name="InstallAppFromPlayStore" time="50.786"/>
  <testcase classname="appiumnewtest.MonefyTest" name="AddNewAccount" time="12.483"/>
  <testcase classname="appiumnewtest.MonefyTest" name="AddNewIncome" time="10.572"/>
  <testcase classname="appiumnewtest.MonefyTest" name="AddNewExpense" time="7.136"/>
</testsuite> <!-- Test -->
