<?xml version="1.0" encoding="UTF-8"?>
<!-- Generated by org.testng.reporters.JUnitXMLReporter -->
<testsuite ignored="0" hostname="DESKTOP-A1OLLL7" failures="0" tests="4" name="Default test" time="92.266" errors="0" timestamp="2022-08-31T13:56:45 IST">
  <testcase classname="appiumnewtest.MonefyTest" name="InstallAppFromPlayStore" time="49.886"/>
  <testcase classname="appiumnewtest.MonefyTest" name="AddNewAccount" time="11.453"/>
  <testcase classname="appiumnewtest.MonefyTest" name="AddNewIncome" time="10.41"/>
  <testcase classname="appiumnewtest.MonefyTest" name="AddNewExpense" time="6.433"/>
</testsuite> <!-- Default test -->
