<?xml version="1.0" encoding="UTF-8"?>
<!-- Generated by org.testng.reporters.JUnitXMLReporter -->
<testsuite ignored="0" hostname="DESKTOP-A1OLLL7" failures="10" tests="20" name="Test" time="32.626" errors="0" timestamp="2022-08-30T12:16:22 IST">
  <testcase classname="PostNewPet" name="addnewpet" time="4.036">
    <failure type="java.lang.AssertionError" message="1 expectation failed.
Expected response time was not a value less than &amp;lt;2000L&amp;gt; milliseconds, was 2137 milliseconds (2137 milliseconds).">
      <![CDATA[java.lang.AssertionError: 1 expectation failed.
Expected response time was not a value less than <2000L> milliseconds, was 2137 milliseconds (2137 milliseconds).
at org.codehaus.groovy.runtime.callsite.ConstructorSite$ConstructorSiteNoUnwrapNoCoerce.callConstructor(ConstructorSite.java:108)
at org.codehaus.groovy.runtime.callsite.CallSiteArray.defaultCallConstructor(CallSiteArray.java:58)
at org.codehaus.groovy.runtime.callsite.AbstractCallSite.callConstructor(AbstractCallSite.java:263)
at org.codehaus.groovy.runtime.callsite.AbstractCallSite.callConstructor(AbstractCallSite.java:277)
at io.restassured.internal.ResponseSpecificationImpl$HamcrestAssertionClosure.validate(ResponseSpecificationImpl.groovy:512)
at io.restassured.internal.ResponseSpecificationImpl$HamcrestAssertionClosure$validate$1.call(Unknown Source)
at org.codehaus.groovy.runtime.callsite.CallSiteArray.defaultCall(CallSiteArray.java:46)
at org.codehaus.groovy.runtime.callsite.AbstractCallSite.call(AbstractCallSite.java:125)
at org.codehaus.groovy.runtime.callsite.AbstractCallSite.call(AbstractCallSite.java:139)
at io.restassured.internal.ResponseSpecificationImpl.validateResponseIfRequired(ResponseSpecificationImpl.groovy:696)
at io.restassured.internal.ResponseSpecificationImpl.this$2$validateResponseIfRequired(ResponseSpecificationImpl.groovy)
at org.codehaus.groovy.runtime.callsite.PlainObjectMetaMethodSite.doInvoke(PlainObjectMetaMethodSite.java:43)
at org.codehaus.groovy.runtime.callsite.PogoMetaMethodSite$PogoCachedMethodSiteNoUnwrapNoCoerce.invoke(PogoMetaMethodSite.java:198)
at org.codehaus.groovy.runtime.callsite.PogoMetaMethodSite.callCurrent(PogoMetaMethodSite.java:62)
at org.codehaus.groovy.runtime.callsite.CallSiteArray.defaultCallCurrent(CallSiteArray.java:50)
at org.codehaus.groovy.runtime.callsite.AbstractCallSite.callCurrent(AbstractCallSite.java:171)
at org.codehaus.groovy.runtime.callsite.AbstractCallSite.callCurrent(AbstractCallSite.java:185)
at io.restassured.internal.ResponseSpecificationImpl.time(ResponseSpecificationImpl.groovy:127)
at io.restassured.internal.ValidatableResponseOptionsImpl.time(ValidatableResponseOptionsImpl.java:409)
at io.restassured.internal.ValidatableResponseOptionsImpl.time(ValidatableResponseOptionsImpl.java:405)
at PostNewPet.addnewpet(PostNewPet.java:113)
at java.base/java.util.ArrayList.forEach(ArrayList.java:1511)
... Removed 31 stack frames]]>
    </failure>
  </testcase> <!-- addnewpet -->
  <testcase classname="PostNewPet" name="addnewpetwithoutstatus" time="1.379"/>
  <testcase classname="PostNewPet" name="addnewpetwithoutname" time="1.465"/>
  <testcase classname="PostNewPet" name="addnewpetwithoutcategory" time="1.452"/>
  <testcase classname="PostNewPet" name="addnewpetblankdata" time="1.46"/>
  <testcase classname="PostNewPet" name="addnewpetinvalidparams" time="1.371">
    <failure type="java.lang.AssertionError" message="Status code is -  expected [400] but found [500]">
      <![CDATA[java.lang.AssertionError: Status code is -  expected [400] but found [500]
at PostNewPet.addnewpetinvalidparams(PostNewPet.java:358)
at java.base/java.util.ArrayList.forEach(ArrayList.java:1511)
... Removed 30 stack frames]]>
    </failure>
  </testcase> <!-- addnewpetinvalidparams -->
  <testcase classname="GetPetByStatus" name="testgetavailablepets" time="1.437"/>
  <testcase classname="GetPetByStatus" name="testgetpendingpets" time="1.369"/>
  <testcase classname="GetPetByStatus" name="testsold" time="1.364"/>
  <testcase classname="GetPetByStatus" name="invalidstatus" time="1.419"/>
  <testcase classname="GetPetByStatus" name="blankstatus" time="1.434"/>
  <testcase classname="PutUpdateExistingPet" name="updateexistingpet" time="1.407">
    <failure type="java.lang.AssertionError" message="Status code is -  expected [200] but found [405]">
      <![CDATA[java.lang.AssertionError: Status code is -  expected [200] but found [405]
at PutUpdateExistingPet.updateexistingpet(PutUpdateExistingPet.java:106)
at java.base/java.util.ArrayList.forEach(ArrayList.java:1511)
... Removed 30 stack frames]]>
    </failure>
  </testcase> <!-- updateexistingpet -->
  <testcase classname="PutUpdateExistingPet" name="updatewithoutstatus" time="1.409">
    <failure type="java.lang.AssertionError" message="Status code is -  expected [200] but found [405]">
      <![CDATA[java.lang.AssertionError: Status code is -  expected [200] but found [405]
at PutUpdateExistingPet.updatewithoutstatus(PutUpdateExistingPet.java:160)
at java.base/java.util.ArrayList.forEach(ArrayList.java:1511)
... Removed 30 stack frames]]>
    </failure>
  </testcase> <!-- updatewithoutstatus -->
  <testcase classname="PutUpdateExistingPet" name="updatewithoutname" time="1.428">
    <failure type="java.lang.AssertionError" message="Status code is -  expected [200] but found [405]">
      <![CDATA[java.lang.AssertionError: Status code is -  expected [200] but found [405]
at PutUpdateExistingPet.updatewithoutname(PutUpdateExistingPet.java:211)
at java.base/java.util.ArrayList.forEach(ArrayList.java:1511)
... Removed 30 stack frames]]>
    </failure>
  </testcase> <!-- updatewithoutname -->
  <testcase classname="PutUpdateExistingPet" name="updatewithoutcategory" time="1.425">
    <failure type="java.lang.AssertionError" message="Status code is -  expected [200] but found [405]">
      <![CDATA[java.lang.AssertionError: Status code is -  expected [200] but found [405]
at PutUpdateExistingPet.updatewithoutcategory(PutUpdateExistingPet.java:261)
at java.base/java.util.ArrayList.forEach(ArrayList.java:1511)
... Removed 30 stack frames]]>
    </failure>
  </testcase> <!-- updatewithoutcategory -->
  <testcase classname="PutUpdateExistingPet" name="updateincorrectid" time="1.375">
    <failure type="java.lang.AssertionError" message="expected [true] but found [false]">
      <![CDATA[java.lang.AssertionError: expected [true] but found [false]
at PutUpdateExistingPet.updateincorrectid(PutUpdateExistingPet.java:311)
at java.base/java.util.ArrayList.forEach(ArrayList.java:1511)
... Removed 31 stack frames]]>
    </failure>
  </testcase> <!-- updateincorrectid -->
  <testcase classname="PutUpdateExistingPet" name="updateinvalidparams" time="1.388">
    <failure type="java.lang.AssertionError" message="Status code is -  expected [400] but found [405]">
      <![CDATA[java.lang.AssertionError: Status code is -  expected [400] but found [405]
at PutUpdateExistingPet.updateinvalidparams(PutUpdateExistingPet.java:361)
at java.base/java.util.ArrayList.forEach(ArrayList.java:1511)
... Removed 30 stack frames]]>
    </failure>
  </testcase> <!-- updateinvalidparams -->
  <testcase classname="PutUpdateExistingPet" name="updatewithoutmodifications" time="1.416">
    <failure type="java.lang.AssertionError" message="Status code is -  expected [200] but found [405]">
      <![CDATA[java.lang.AssertionError: Status code is -  expected [200] but found [405]
at PutUpdateExistingPet.updatewithoutmodifications(PutUpdateExistingPet.java:409)
at java.base/java.util.ArrayList.forEach(ArrayList.java:1511)
... Removed 30 stack frames]]>
    </failure>
  </testcase> <!-- updatewithoutmodifications -->
  <testcase classname="DeletePet" name="deleteRequest" time="1.459"/>
  <testcase classname="DeletePet" name="deleteinvalidid" time="1.335">
    <failure type="java.lang.AssertionError" message="expected [true] but found [false]">
      <![CDATA[java.lang.AssertionError: expected [true] but found [false]
at DeletePet.deleteinvalidid(DeletePet.java:62)
at java.base/java.util.ArrayList.forEach(ArrayList.java:1511)
... Removed 31 stack frames]]>
    </failure>
  </testcase> <!-- deleteinvalidid -->
</testsuite> <!-- Test -->
